Elemagwave/build/outputs/logs/manifest-merger-debug-report.txt
-- Merging decision tree log ---
manifest
ADDED from PhysicsAndroid/Elemagwave/AndroidManifest.xml:2:1-27:12
	package
		ADDED from PhysicsAndroid/Elemagwave/AndroidManifest.xml:3:5-45
	android:versionName
		ADDED from PhysicsAndroid/Elemagwave/AndroidManifest.xml:5:5-30
		INJECTED from PhysicsAndroid/Elemagwave/AndroidManifest.xml
		INJECTED from PhysicsAndroid/Elemagwave/AndroidManifest.xml
	android:versionCode
		ADDED from PhysicsAndroid/Elemagwave/AndroidManifest.xml:4:5-28
		INJECTED from PhysicsAndroid/Elemagwave/AndroidManifest.xml
		INJECTED from PhysicsAndroid/Elemagwave/AndroidManifest.xml
	xmlns:android
		ADDED from PhysicsAndroid/Elemagwave/AndroidManifest.xml:2:11-69
uses-sdk
ADDED from PhysicsAndroid/Elemagwave/AndroidManifest.xml:7:5-9:40
	android:targetSdkVersion
		ADDED from PhysicsAndroid/Elemagwave/AndroidManifest.xml:9:9-37
	android:minSdkVersion
		ADDED from PhysicsAndroid/Elemagwave/AndroidManifest.xml:8:9-34
application
ADDED from PhysicsAndroid/Elemagwave/AndroidManifest.xml:11:5-25:19
	android:label
		ADDED from PhysicsAndroid/Elemagwave/AndroidManifest.xml:14:9-41
	android:allowBackup
		ADDED from PhysicsAndroid/Elemagwave/AndroidManifest.xml:12:9-35
	android:icon
		ADDED from PhysicsAndroid/Elemagwave/AndroidManifest.xml:13:9-45
	android:theme
		ADDED from PhysicsAndroid/Elemagwave/AndroidManifest.xml:15:9-40
activity#jp.ac.u_ryukyu.phys.elemagwave.MainActivity
ADDED from PhysicsAndroid/Elemagwave/AndroidManifest.xml:16:9-24:20
	android:screenOrientation
		ADDED from PhysicsAndroid/Elemagwave/AndroidManifest.xml:18:46-83
	android:label
		ADDED from PhysicsAndroid/Elemagwave/AndroidManifest.xml:18:13-45
	android:name
		ADDED from PhysicsAndroid/Elemagwave/AndroidManifest.xml:17:13-71
intent-filter#android.intent.action.MAIN+android.intent.category.LAUNCHER
ADDED from PhysicsAndroid/Elemagwave/AndroidManifest.xml:19:13-23:29
action#android.intent.action.MAIN
ADDED from PhysicsAndroid/Elemagwave/AndroidManifest.xml:20:17-69
	android:name
		ADDED from PhysicsAndroid/Elemagwave/AndroidManifest.xml:20:25-66
category#android.intent.category.LAUNCHER
ADDED from PhysicsAndroid/Elemagwave/AndroidManifest.xml:22:17-77
	android:name
		ADDED from PhysicsAndroid/Elemagwave/AndroidManifest.xml:22:27-74